<?xml version="1.0" encoding="UTF-8"?>
<!-- Generated by org.testng.reporters.JUnitReportReporter -->
<testsuite hostname="STUTI" failures="0" tests="3" name="test.PutPatchDelete" time="4.742" errors="0" timestamp="2022-11-28T19:34:00 IST" skipped="0">
  <testcase classname="test.PutPatchDelete" name="exampleDelete" time="3.548"/>
  <system-out/>
  <testcase classname="test.PutPatchDelete" name="examplePatch" time="0.676"/>
  <system-out/>
  <testcase classname="test.PutPatchDelete" name="examplePut" time="0.518"/>
  <system-out/>
</testsuite> <!-- test.PutPatchDelete -->
