<?xml version="1.0" encoding="UTF-8"?>
<!-- Generated by org.testng.reporters.JUnitReportReporter -->
<testsuite hostname="STUTI" failures="0" tests="5" name="videoGameAPI.TestCases1" time="4.717" errors="0" timestamp="2022-12-06T19:05:42 IST" skipped="0">
  <testcase classname="videoGameAPI.TestCases1" name="test_getAllVideoGames" time="3.004"/>
  <system-out/>
  <testcase classname="videoGameAPI.TestCases1" name="test_addNewVideoGameS" time="0.574"/>
  <system-out/>
  <testcase classname="videoGameAPI.TestCases1" name="test_getVideoGameonBaseOfID" time="1.029"/>
  <system-out/>
  <testcase classname="videoGameAPI.TestCases1" name="test_updateVideoGame" time="0.081"/>
  <system-out/>
  <testcase classname="videoGameAPI.TestCases1" name="test_deleteVideoGame" time="0.029"/>
  <system-out/>
</testsuite> <!-- videoGameAPI.TestCases1 -->
