<?xml version="1.0" encoding="UTF-8"?>
<!-- Generated by org.testng.reporters.JUnitReportReporter -->
<testsuite hostname="STUTI" failures="0" tests="1" name="test.TestOnLocalAPI" time="5.613" errors="0" timestamp="2022-11-29T14:48:35 IST" skipped="0">
  <testcase classname="test.TestOnLocalAPI" name="delete" time="5.613"/>
  <system-out/>
</testsuite> <!-- test.TestOnLocalAPI -->
