<?xml version="1.0" encoding="UTF-8"?>
<!-- Generated by org.testng.reporters.JUnitReportReporter -->
<testsuite hostname="STUTI" failures="0" tests="1" name="test.SOAPXMLRequest" time="5.955" errors="0" timestamp="2022-12-01T10:51:24 IST" skipped="0">
  <testcase classname="test.SOAPXMLRequest" name="validateSoapXML" time="5.955"/>
  <system-out/>
</testsuite> <!-- test.SOAPXMLRequest -->
