<?xml version="1.0" encoding="UTF-8"?>
<!-- Generated by org.testng.reporters.JUnitReportReporter -->
<testsuite hostname="STUTI" failures="0" tests="1" name="test.XMLSchemaValidation" time="4.195" errors="1" timestamp="2022-12-01T19:17:18 IST" skipped="0">
  <testcase classname="test.XMLSchemaValidation" name="SchemaValidation" time="4.195">
    <error message="Ambiguous method overloading for method io.restassured.internal.matcher.xml.XmlXsdMatcher#matchesXsd.
Cannot resolve which method to invoke for [null] due to overlapping prototypes between:
	[class java.io.File]
	[class java.io.InputStream]
	[class java.io.Reader]
	[class java.lang.String]
	[class java.net.URL]" type="groovy.lang.GroovyRuntimeException">
      <![CDATA[groovy.lang.GroovyRuntimeException: Ambiguous method overloading for method io.restassured.internal.matcher.xml.XmlXsdMatcher#matchesXsd.
Cannot resolve which method to invoke for [null] due to overlapping prototypes between:
[class java.io.File]
[class java.io.InputStream]
[class java.io.Reader]
[class java.lang.String]
[class java.net.URL]
at groovy.lang.MetaClassImpl.doChooseMostSpecificParams(MetaClassImpl.java:3426)
at groovy.lang.MetaClassImpl.chooseMostSpecificParams(MetaClassImpl.java:3402)
at groovy.lang.MetaClassImpl.chooseMethodInternal(MetaClassImpl.java:3392)
at groovy.lang.MetaClassImpl.chooseMethod(MetaClassImpl.java:3336)
at groovy.lang.MetaClassImpl.pickStaticMethod(MetaClassImpl.java:1687)
at groovy.lang.MetaClassImpl.retrieveStaticMethod(MetaClassImpl.java:1583)
at groovy.lang.MetaClassImpl.createStaticSite(MetaClassImpl.java:3593)
at org.codehaus.groovy.runtime.callsite.CallSiteArray.createCallStaticSite(CallSiteArray.java:73)
at org.codehaus.groovy.runtime.callsite.CallSiteArray.defaultCallStatic(CallSiteArray.java:54)
at org.codehaus.groovy.runtime.callsite.AbstractCallSite.callStatic(AbstractCallSite.java:217)
at org.codehaus.groovy.runtime.callsite.AbstractCallSite.callStatic(AbstractCallSite.java:231)
at io.restassured.internal.matcher.xml.XmlXsdMatcher.matchesXsdInClasspath(XmlXsdMatcher.groovy:95)
at io.restassured.matcher.RestAssuredMatchers.matchesXsdInClasspath(RestAssuredMatchers.java:83)
at test.XMLSchemaValidation.SchemaValidation(XMLSchemaValidation.java:39)
at java.base/jdk.internal.reflect.NativeMethodAccessorImpl.invoke0(Native Method)
at java.base/jdk.internal.reflect.NativeMethodAccessorImpl.invoke(NativeMethodAccessorImpl.java:77)
at java.base/jdk.internal.reflect.DelegatingMethodAccessorImpl.invoke(DelegatingMethodAccessorImpl.java:43)
at java.base/java.lang.reflect.Method.invoke(Method.java:568)
at org.testng.internal.MethodInvocationHelper.invokeMethod(MethodInvocationHelper.java:133)
at org.testng.internal.TestInvoker.invokeMethod(TestInvoker.java:598)
at org.testng.internal.TestInvoker.invokeTestMethod(TestInvoker.java:173)
at org.testng.internal.MethodRunner.runInSequence(MethodRunner.java:46)
at org.testng.internal.TestInvoker$MethodInvocationAgent.invoke(TestInvoker.java:824)
at org.testng.internal.TestInvoker.invokeTestMethods(TestInvoker.java:146)
at org.testng.internal.TestMethodWorker.invokeTestMethods(TestMethodWorker.java:146)
at org.testng.internal.TestMethodWorker.run(TestMethodWorker.java:128)
at java.base/java.util.ArrayList.forEach(ArrayList.java:1511)
at org.testng.TestRunner.privateRun(TestRunner.java:794)
at org.testng.TestRunner.run(TestRunner.java:596)
at org.testng.SuiteRunner.runTest(SuiteRunner.java:377)
at org.testng.SuiteRunner.runSequentially(SuiteRunner.java:371)
at org.testng.SuiteRunner.privateRun(SuiteRunner.java:332)
at org.testng.SuiteRunner.run(SuiteRunner.java:276)
at org.testng.SuiteRunnerWorker.runSuite(SuiteRunnerWorker.java:53)
at org.testng.SuiteRunnerWorker.run(SuiteRunnerWorker.java:96)
at org.testng.TestNG.runSuitesSequentially(TestNG.java:1212)
at org.testng.TestNG.runSuitesLocally(TestNG.java:1134)
at org.testng.TestNG.runSuites(TestNG.java:1063)
at org.testng.TestNG.run(TestNG.java:1031)
at org.testng.remote.AbstractRemoteTestNG.run(AbstractRemoteTestNG.java:115)
at org.testng.remote.RemoteTestNG.initAndRun(RemoteTestNG.java:251)
at org.testng.remote.RemoteTestNG.main(RemoteTestNG.java:77)
]]>
    </error>
  </testcase> <!-- SchemaValidation -->
  <system-out/>
</testsuite> <!-- test.XMLSchemaValidation -->
