<?xml version="1.0" encoding="UTF-8"?>
<!-- Generated by org.testng.reporters.JUnitReportReporter -->
<testsuite hostname="STUTI" failures="0" tests="3" name="test.TestExamples1" time="5.134" errors="0" timestamp="2022-11-17T13:18:52 IST" skipped="0">
  <testcase classname="test.TestExamples1" name="test2" time="1.707"/>
  <system-out/>
  <testcase classname="test.TestExamples1" name="test1" time="3.278"/>
  <system-out/>
  <testcase classname="test.TestExamples1" name="test3" time="0.149"/>
  <system-out/>
</testsuite> <!-- test.TestExamples1 -->
